TN:
SF:src/lib/index.js
FN:7,(anonymous_0)
FN:8,(anonymous_1)
FN:9,(anonymous_2)
FN:20,extractRobotGenerator
FN:37,(anonymous_4)
FN:38,(anonymous_5)
FN:49,(anonymous_6)
FN:51,(anonymous_7)
FN:71,(anonymous_8)
FN:77,(anonymous_9)
FN:80,(anonymous_10)
FN:83,(anonymous_11)
FN:86,(anonymous_12)
FN:96,(anonymous_13)
FN:97,(anonymous_14)
FN:100,(anonymous_15)
FNF:16
FNH:16
FNDA:4,(anonymous_0)
FNDA:4,(anonymous_1)
FNDA:7,(anonymous_2)
FNDA:2,extractRobotGenerator
FNDA:4,(anonymous_4)
FNDA:26,(anonymous_5)
FNDA:22,(anonymous_6)
FNDA:8,(anonymous_7)
FNDA:1,(anonymous_8)
FNDA:6,(anonymous_9)
FNDA:6,(anonymous_10)
FNDA:14,(anonymous_11)
FNDA:44,(anonymous_12)
FNDA:1,(anonymous_13)
FNDA:3,(anonymous_14)
FNDA:3,(anonymous_15)
DA:1,3
DA:2,3
DA:4,3
DA:5,3
DA:7,4
DA:8,3
DA:9,7
DA:22,2
DA:24,2
DA:26,4
DA:27,4
DA:28,1
DA:30,3
DA:33,1
DA:37,3
DA:38,4
DA:39,26
DA:44,4
DA:46,4
DA:49,22
DA:51,8
DA:52,4
DA:53,2
DA:56,2
DA:57,2
DA:63,1
DA:71,3
DA:72,1
DA:73,1
DA:77,3
DA:78,6
DA:80,6
DA:81,6
DA:84,14
DA:86,44
DA:89,6
DA:96,3
DA:97,1
DA:98,3
DA:100,3
DA:103,3
LF:41
LH:41
BRDA:27,0,0,1
BRDA:27,0,1,3
BRDA:52,1,0,2
BRDA:52,1,1,2
BRF:4
BRH:4
end_of_record
TN:
SF:src/robot/constants.js
FNF:0
FNH:0
DA:1,3
DA:7,3
DA:13,3
DA:20,3
LF:4
LH:4
BRF:0
BRH:0
end_of_record
TN:
SF:src/robot/index.js
FN:10,(anonymous_0)
FN:11,(anonymous_1)
FN:12,(anonymous_2)
FN:20,(anonymous_3)
FN:21,(anonymous_4)
FN:28,(anonymous_5)
FN:35,(anonymous_6)
FN:46,(anonymous_7)
FN:58,(anonymous_8)
FN:59,(anonymous_9)
FN:62,(anonymous_10)
FN:63,(anonymous_11)
FN:64,(anonymous_12)
FN:65,(anonymous_13)
FN:70,(anonymous_14)
FN:71,(anonymous_15)
FN:73,(anonymous_16)
FN:99,(anonymous_17)
FN:103,(anonymous_18)
FN:106,(anonymous_19)
FN:112,(anonymous_20)
FN:116,(anonymous_21)
FNF:22
FNH:22
FNDA:7,(anonymous_0)
FNDA:6,(anonymous_1)
FNDA:14,(anonymous_2)
FNDA:25,(anonymous_3)
FNDA:62,(anonymous_4)
FNDA:25,(anonymous_5)
FNDA:11,(anonymous_6)
FNDA:10,(anonymous_7)
FNDA:18,(anonymous_8)
FNDA:18,(anonymous_9)
FNDA:9,(anonymous_10)
FNDA:4,(anonymous_11)
FNDA:2,(anonymous_12)
FNDA:3,(anonymous_13)
FNDA:16,(anonymous_14)
FNDA:18,(anonymous_15)
FNDA:6,(anonymous_16)
FNDA:6,(anonymous_17)
FNDA:4,(anonymous_18)
FNDA:46,(anonymous_19)
FNDA:16,(anonymous_20)
FNDA:2,(anonymous_21)
DA:1,3
DA:3,3
DA:4,3
DA:9,3
DA:10,7
DA:11,6
DA:12,14
DA:20,3
DA:21,62
DA:28,25
DA:35,3
DA:36,11
DA:37,11
DA:38,11
DA:46,3
DA:47,10
DA:48,10
DA:49,10
DA:58,3
DA:59,18
DA:60,18
DA:61,18
DA:62,9
DA:63,4
DA:64,2
DA:65,3
DA:67,18
DA:68,18
DA:70,18
DA:71,18
DA:72,18
DA:73,6
DA:76,18
DA:77,18
DA:79,18
DA:81,18
DA:82,2
DA:84,16
DA:85,4
DA:86,4
DA:88,12
DA:99,3
DA:100,6
DA:101,6
DA:103,6
DA:104,4
DA:105,4
DA:107,46
DA:111,4
DA:112,16
DA:116,6
DA:118,6
DA:124,3
LF:53
LH:53
BRDA:36,0,0,11
BRDA:36,0,1,2
BRDA:73,1,0,6
BRDA:73,1,1,6
BRDA:73,1,2,3
BRDA:79,2,0,18
BRDA:79,2,1,13
BRDA:81,3,0,2
BRDA:81,3,1,16
BRDA:84,4,0,4
BRDA:84,4,1,12
BRDA:107,5,0,46
BRDA:107,5,1,19
BRDA:107,5,2,27
BRDA:111,6,0,4
BRDA:111,6,1,2
BRF:16
BRH:16
end_of_record
